Sampled prompt theta=0.2_98304_0.95_False_False_seed=0: 02c12912726c8a1242488ba485fa2ca34f067fc4
Sampled prompt theta=0.2_98304_0.95_True_False_seed=0: 7e81d0c16c679c42ba389e40ced8232ae971c28e
Sampled prompt theta=0.2_98304_0.95_False_False_seed=1: 7441856dda3a9b8536492770c4bead316d9f26fd
Sampled prompt theta=0.2_98304_0.95_True_False_seed=1: d6f51b95bf17ef82798ab25f40a04dd263f36b94
Sampled prompt theta=0.2_98304_0.95_False_False_seed=2: d51cfbfaac76672174b5489b48662ade3429ed40
Sampled prompt theta=0.2_98304_0.95_True_False_seed=2: 11faf2d918b389e5d869f529ec10afafac967452
Sampled prompt theta=0.2_98304_0.95_False_False_seed=3: 69084bb8d7e4ea21bd331df0586018511715f0c4
Sampled prompt theta=0.2_98304_0.95_True_False_seed=3: 20463ab820cb953aa2e5713c92bdd2ef258767ee
Sampled prompt theta=0.2_98304_0.95_False_False_seed=4: e7bdd5a63a40354522f7dd897794a0e408618cd7
Sampled prompt theta=0.2_98304_0.95_True_False_seed=4: f23545f0767cf257dce0dc59b1cc23c8ea906cf7
Sampled prompt theta=0.2_98304_0.95_False_False_seed=5: d75defcfcc77d59c9f374c9102d3c54db0641788
Sampled prompt theta=0.2_98304_0.95_True_False_seed=5: 7135bb0c4af0b1a9bf405db4da89577478e3efa8
Sampled prompt theta=0.2_98304_0.95_False_False_seed=6: b4f9cfbda025b4f9a7a73f7ddaf939e1e601c121
Sampled prompt theta=0.2_98304_0.95_True_False_seed=6: d2551896475f0f7a363660fe042c5a05c1a8a417
Sampled prompt theta=0.2_98304_0.95_False_False_seed=7: f54f51deeb10931bf8de682c09d74e05c1ed7730
Sampled prompt theta=0.2_98304_0.95_True_False_seed=7: f4be821f5dfb650ec659643a557cb33550110cb3
Sampled prompt theta=0.2_98304_0.95_False_False_seed=8: 36f98188257f002460be23d548ed91b3f84699aa
Sampled prompt theta=0.2_98304_0.95_True_False_seed=8: 6e422670e9f7ad977ad313f19c746cd541421323
Sampled prompt theta=0.2_98304_0.95_False_False_seed=9: 779acd166a7e5902a08bc51945dcca9c47215079
Sampled prompt theta=0.2_98304_0.95_True_False_seed=9: 7f2c0e286be2332ae41d6e56ab0c6817b5b3f1e2
Sampled prompt theta=0.8_98304_0.95_False_False_seed=0: 96c6f24943dfb7b84c6f1be217dfde0363879b45
Sampled prompt theta=0.8_98304_0.95_True_False_seed=0: 9251f83fd4cb98d0287455cfa560245817b60aae
Sampled prompt theta=0.8_98304_0.95_False_False_seed=1: 0ad8bc7eccebd35fec9444b679e1a3a79439eef1
Sampled prompt theta=0.8_98304_0.95_True_False_seed=1: 9219a1c333e3066f5299aa50403078cc30f92aaf
Sampled prompt theta=0.8_98304_0.95_False_False_seed=2: 5bf95d379ceef8c2e23794fa2b2a6bcb7b97d0c9
Sampled prompt theta=0.8_98304_0.95_True_False_seed=2: 02bc25d3ba272f1809e976ff4bff0f279cec82de
Sampled prompt theta=0.8_98304_0.95_False_False_seed=3: f838f9cc016bd7381a9abdbb17bafccc49d371c9
Sampled prompt theta=0.8_98304_0.95_True_False_seed=3: ec57fb38060fe2eb540c521741ea776398685225
Sampled prompt theta=0.8_98304_0.95_False_False_seed=4: a112dca4a8b2daa530dd011cab6aa4b0105daa60
Sampled prompt theta=0.8_98304_0.95_True_False_seed=4: 8bbba443658dafe6c28173db751ba522d59315b8
Sampled prompt theta=0.8_98304_0.95_False_False_seed=5: 4534bddd423ae65106e984701b65baea784e9f29
Sampled prompt theta=0.8_98304_0.95_True_False_seed=5: 59d5cdbea4e78bc2201afca9260cb91d7d5fddd1
Sampled prompt theta=0.8_98304_0.95_False_False_seed=6: e74a1260916972b7c5d9b54314dc2739e08396bc
Sampled prompt theta=0.8_98304_0.95_True_False_seed=6: 10cec2de2c55e7400be0a62ce6521b12003a55c9
Sampled prompt theta=0.8_98304_0.95_False_False_seed=7: 2bbef8c3775d10322e8d52fd67ef024f1b90f4d8
Sampled prompt theta=0.8_98304_0.95_True_False_seed=7: 37415c1443fb226d7f5863a4afc33629caf36262
Sampled prompt theta=0.8_98304_0.95_False_False_seed=8: 72b927ebd3ec254b35b8f14a500ef6fd2c22e086
Sampled prompt theta=0.8_98304_0.95_True_False_seed=8: b99f4bb86d1f47c2dfe3e36c527b51165011dcf4
Sampled prompt theta=0.8_98304_0.95_False_False_seed=9: 983c11463eb860bed18edadb0e8f176708e2ef6c
Sampled prompt theta=0.8_98304_0.95_True_False_seed=9: 84a6c7d10e2a9a67acde99a8701e07151dda03a3
Sampled prompt 0.2_98304_0.95_True_False_seed=0 (265/359): 13484c83712bfb25df4a2d406ee344da8f7e75aa
Sampled prompt 0.2_98304_0.95_True_False_seed=1 (280/366): f7da14334a10c3f06726bb5a9ab5dd1f46e0c433
Sampled prompt 0.2_98304_0.95_True_False_seed=2 (277/363): 5592d0eaa791e8cff1b8a4de7e71054ec96fa0c5
Sampled prompt 0.2_98304_0.95_True_False_seed=3 (261/349): fd2246a898d73d164f63ac228da6c3b95f0eba20
Sampled prompt 0.2_98304_0.95_True_False_seed=4 (266/350): 3bc1b7919d564812fde1742126ae85bce682fe43
Sampled prompt 0.2_98304_0.95_True_False_seed=5 (276/368): 8b37955857b7d43dbb8c8daaa396fff581001aee
Sampled prompt 0.2_98304_0.95_True_False_seed=6 (262/343): 474c49f4c31bd61066b2c94ba742d75b3adb2172
Sampled prompt 0.2_98304_0.95_True_False_seed=7 (276/356): 7440a4d0f24903b23d87a2cadc9628ba52cdcdd3
Sampled prompt 0.2_98304_0.95_True_False_seed=8 (254/334): e661312c34984595fe4a7ebdf7107eb01c2ed392
Sampled prompt 0.2_98304_0.95_True_False_seed=9 (233/328): a66e56167e617bc97a0e9ade9d8246a547d13cf1
Sampled prompt 0.8_98304_0.95_True_False_seed=0 (126/202): f85215b3aa5ec28820de6024c86ca81ddcbaaaa0
Sampled prompt 0.8_98304_0.95_True_False_seed=1 (123/202): 145041ffe67cab54d4adc579ce667a210eaaf5d1
Sampled prompt 0.8_98304_0.95_True_False_seed=2 (121/202): d1db1d3ff4967222a388ef9fcf56bf4985d09bba
Sampled prompt 0.8_98304_0.95_True_False_seed=3 (136/217): 0758126ff7c2ca4554c07ef297158a489923f2d4
Sampled prompt 0.8_98304_0.95_True_False_seed=4 (129/198): 11ef7b6d43fff7e006aa4f66d944593eb86fd5e1
Sampled prompt 0.8_98304_0.95_True_False_seed=5 (133/206): 32a737e45dc059cc34dca023559a48ec0706e7e1
Sampled prompt 0.8_98304_0.95_True_False_seed=6 (143/206): 8ae9f8b32266f13d1f5bdf170c915e492cc12a91
Sampled prompt 0.8_98304_0.95_True_False_seed=7 (135/207): 9fb6b9e57f482e020bbd06d2d2807055c356e6e2
Sampled prompt 0.8_98304_0.95_True_False_seed=8 (120/191): 44bcf9f95c5753ba18e5a29051a0921bb379e587
Sampled prompt 0.8_98304_0.95_True_False_seed=9 (127/196): 67b58c7950b1128d4d0ac4c92f54fb1a0e6b936a
Reenforcing max tokens...
Sampled prompt 0.2_98304_0.95_False_False_seed=0 (360/360): 02c12912726c8a1242488ba485fa2ca34f067fc4
Sampled prompt 0.2_98304_0.95_True_False_seed=0 (210/359): f399061440d79e5515aec9294b9d4ab82e507f45
Sampled prompt 0.2_98304_0.95_False_False_seed=1 (345/345): 7441856dda3a9b8536492770c4bead316d9f26fd
Sampled prompt 0.2_98304_0.95_True_False_seed=1 (206/366): 89f408f3e9ecabf624d3d5c32c987cde106f0c80
Sampled prompt 0.2_98304_0.95_False_False_seed=2 (331/331): d51cfbfaac76672174b5489b48662ade3429ed40
Sampled prompt 0.2_98304_0.95_True_False_seed=2 (215/363): 2bfaca0def1861c0c35d1b66a4d392f432487750
Sampled prompt 0.2_98304_0.95_False_False_seed=3 (345/345): 69084bb8d7e4ea21bd331df0586018511715f0c4
Sampled prompt 0.2_98304_0.95_True_False_seed=3 (205/349): a8b78a2e4726c5f02a2e1cf0187150b6b1d52be2
Sampled prompt 0.2_98304_0.95_False_False_seed=4 (341/341): e7bdd5a63a40354522f7dd897794a0e408618cd7
Sampled prompt 0.2_98304_0.95_True_False_seed=4 (212/350): 25b25193bd2e3c59cf07e5c7906a461b6a7a41a9
Sampled prompt 0.2_98304_0.95_False_False_seed=5 (332/332): d75defcfcc77d59c9f374c9102d3c54db0641788
Sampled prompt 0.2_98304_0.95_True_False_seed=5 (212/368): 5b0768e4bfec4bb140bddb090ad874cb59770612
Sampled prompt 0.2_98304_0.95_False_False_seed=6 (367/367): b4f9cfbda025b4f9a7a73f7ddaf939e1e601c121
Sampled prompt 0.2_98304_0.95_True_False_seed=6 (210/343): ac0ea935e3304412f6ee91d55894a164dd300695
Sampled prompt 0.2_98304_0.95_False_False_seed=7 (359/359): f54f51deeb10931bf8de682c09d74e05c1ed7730
Sampled prompt 0.2_98304_0.95_True_False_seed=7 (206/356): 697f7bd3486693adca9083d41bcef48e17ab2149
Sampled prompt 0.2_98304_0.95_False_False_seed=8 (356/356): 36f98188257f002460be23d548ed91b3f84699aa
Sampled prompt 0.2_98304_0.95_True_False_seed=8 (196/334): 5c22e9b54d991447eb9503f4082ec80bdd248a82
Sampled prompt 0.2_98304_0.95_False_False_seed=9 (331/331): 779acd166a7e5902a08bc51945dcca9c47215079
Sampled prompt 0.2_98304_0.95_True_False_seed=9 (196/328): f8f84f48425947e789c35f327a97916b27fcd396
Sampled prompt 0.8_98304_0.95_False_False_seed=0 (206/206): 96c6f24943dfb7b84c6f1be217dfde0363879b45
Sampled prompt 0.8_98304_0.95_True_False_seed=0 (166/202): 420d00b9115078013a82a329f80eba6b221eda8d
Sampled prompt 0.8_98304_0.95_False_False_seed=1 (207/207): 0ad8bc7eccebd35fec9444b679e1a3a79439eef1
Sampled prompt 0.8_98304_0.95_True_False_seed=1 (166/202): 00a897ccac39cc011296e6e68217bb81a431e5d7
Sampled prompt 0.8_98304_0.95_False_False_seed=2 (203/203): 5bf95d379ceef8c2e23794fa2b2a6bcb7b97d0c9
Sampled prompt 0.8_98304_0.95_True_False_seed=2 (164/202): 6fc259782c1831fddcc1844f79aab8b8b1d9407e
Sampled prompt 0.8_98304_0.95_False_False_seed=3 (202/202): f838f9cc016bd7381a9abdbb17bafccc49d371c9
Sampled prompt 0.8_98304_0.95_True_False_seed=3 (165/217): e36b62830d156b43aaa01222ac3953a01f388ace
Sampled prompt 0.8_98304_0.95_False_False_seed=4 (218/218): a112dca4a8b2daa530dd011cab6aa4b0105daa60
Sampled prompt 0.8_98304_0.95_True_False_seed=4 (154/198): bd40cd2ed0d459fb4cecc04e98e286f6cc4ad370
Sampled prompt 0.8_98304_0.95_False_False_seed=5 (193/193): 4534bddd423ae65106e984701b65baea784e9f29
Sampled prompt 0.8_98304_0.95_True_False_seed=5 (169/206): 684b224050f5eabdba4d006da7941fa28a24989c
Sampled prompt 0.8_98304_0.95_False_False_seed=6 (203/203): e74a1260916972b7c5d9b54314dc2739e08396bc
Sampled prompt 0.8_98304_0.95_True_False_seed=6 (158/206): 5a3c11ed586ef9bd3bcce80203ba0a458f8808b8
Sampled prompt 0.8_98304_0.95_False_False_seed=7 (210/210): 2bbef8c3775d10322e8d52fd67ef024f1b90f4d8
Sampled prompt 0.8_98304_0.95_True_False_seed=7 (159/207): df8d003f4fc6ec9e32a9d321582c09d36bed501a
Sampled prompt 0.8_98304_0.95_False_False_seed=8 (193/193): 72b927ebd3ec254b35b8f14a500ef6fd2c22e086
Sampled prompt 0.8_98304_0.95_True_False_seed=8 (158/191): 107693e46da14276f4ff3ef6ad682df4271a7f3b
Sampled prompt 0.8_98304_0.95_False_False_seed=9 (193/193): 983c11463eb860bed18edadb0e8f176708e2ef6c
Sampled prompt 0.8_98304_0.95_True_False_seed=9 (155/196): cf39ebe86d00ac9c9a3dc54e6e1bd2ddb91612b9
Trimming coordinates to backbone only to save memory...
len(prompts)=40 len(variants_to_score)=14 metabatch_size=1024 len(tasks)=40
Sampled prompt theta=0.2_98304_0.95_False_False_seed=0: f0e476356fd95797a65d20d01231c9e3b51ef50d
Sampled prompt theta=0.2_98304_0.95_True_False_seed=0: 1d5ae5e94715f7213886a5be35f7d0b3cde48fd3
Sampled prompt theta=0.2_98304_0.95_False_False_seed=1: e6b01b8e3ca97a414c3e8247d6872a1e9b10c7d3
Sampled prompt theta=0.2_98304_0.95_True_False_seed=1: e28ac16d0fd716418e08bdfba02725d2bad1e57a
Sampled prompt theta=0.2_98304_0.95_False_False_seed=2: 909be449b28644407cbaa9e088f2b5cf54b0f6ed
Sampled prompt theta=0.2_98304_0.95_True_False_seed=2: 653161f23d4198df8e757448a8992709ae4d69a4
Sampled prompt theta=0.2_98304_0.95_False_False_seed=3: 039cafd1c93f5749b27946e76d4917b042ba7529
Sampled prompt theta=0.2_98304_0.95_True_False_seed=3: 14be34adf846bf81c69606135b654a8de8d6f2a3
Sampled prompt theta=0.2_98304_0.95_False_False_seed=4: 9adeccf52bdafbc18b3ceefaf280e9ce6a11107e
Sampled prompt theta=0.2_98304_0.95_True_False_seed=4: 00542cd2b924ae093e3c8bc92401f3f42b70fdce
Sampled prompt theta=0.2_98304_0.95_False_False_seed=5: 3d7b283968423e79803612f02c6d0e1cc2bd2988
Sampled prompt theta=0.2_98304_0.95_True_False_seed=5: 8f5b35581ecf3308600e9c8a04823579b85fa9f1
Sampled prompt theta=0.2_98304_0.95_False_False_seed=6: 39eb9020977eb68255aa566e92c8ee4af5d7e92e
Sampled prompt theta=0.2_98304_0.95_True_False_seed=6: d14dcbc847f2a19290628ae95fe0c0902fc6455f
Sampled prompt theta=0.2_98304_0.95_False_False_seed=7: 509c7a1f4cb01cb9008373778ebe16466645bb18
Sampled prompt theta=0.2_98304_0.95_True_False_seed=7: d2531dda4be06bf5f16f07b621eacae49de17a03
Sampled prompt theta=0.2_98304_0.95_False_False_seed=8: f72d33c180f608e0cbb50d0fb947d185b14d1723
Sampled prompt theta=0.2_98304_0.95_True_False_seed=8: ceb4c789457842e458e97161015ba56c59aa5008
Sampled prompt theta=0.2_98304_0.95_False_False_seed=9: 237f034ac68be3ddbca419594caf7a814e6a0cd7
Sampled prompt theta=0.2_98304_0.95_True_False_seed=9: b54718d77b222925b8186203733513ea814cd76a
Sampled prompt theta=0.8_98304_0.95_False_False_seed=0: 391894ef88e6d97b2e226b72d8f6cd4a21a1c166
Sampled prompt theta=0.8_98304_0.95_True_False_seed=0: a043ae80c27d534ccee5231f9f095b5673e91be4
Sampled prompt theta=0.8_98304_0.95_False_False_seed=1: f475fe0f6647513665e6b359691a2a775fb43cc8
Sampled prompt theta=0.8_98304_0.95_True_False_seed=1: 46eda04697cf0de3c36993393466cf883388c1f0
Sampled prompt theta=0.8_98304_0.95_False_False_seed=2: a9893cf30211fb240d698e340ba4bc4f971d2a58
Sampled prompt theta=0.8_98304_0.95_True_False_seed=2: eafbf79566849daa0a5c37d9e7c77c4b70cd2faf
Sampled prompt theta=0.8_98304_0.95_False_False_seed=3: f4b58b429dd0cc24940014d227c7994984012213
Sampled prompt theta=0.8_98304_0.95_True_False_seed=3: 20189c562ca8ad04e272c16078268e747f1d4e3a
Sampled prompt theta=0.8_98304_0.95_False_False_seed=4: 96514b50261c4f49943b2049ef868c2a4eca97c5
Sampled prompt theta=0.8_98304_0.95_True_False_seed=4: 349ec4075da4b157832a17daa468a36f428ce77e
Sampled prompt theta=0.8_98304_0.95_False_False_seed=5: 67be0ebc15f805dc3ba9999b7d66e47e4b8dfe4b
Sampled prompt theta=0.8_98304_0.95_True_False_seed=5: b3755c34186d66692732814c513fcf2d2ef62ac0
Sampled prompt theta=0.8_98304_0.95_False_False_seed=6: 73cdbc0a472c922e01b60b8eecc39e975f4fed72
Sampled prompt theta=0.8_98304_0.95_True_False_seed=6: 4d736981b7cb624fa22ce0aca181038b8ad7f3a4
Sampled prompt theta=0.8_98304_0.95_False_False_seed=7: edc5cfd0ceacab99023b0459d46f3fe31b4f39ea
Sampled prompt theta=0.8_98304_0.95_True_False_seed=7: 580ad615aa2670f5cf8eaf14f6083088902e08b3
Sampled prompt theta=0.8_98304_0.95_False_False_seed=8: eb2f6c0b76f658e3c3eceeeae149600c2fceb492
Sampled prompt theta=0.8_98304_0.95_True_False_seed=8: 4695a5237dd03def63a8a169f3135d835c38095f
Sampled prompt theta=0.8_98304_0.95_False_False_seed=9: fc0d0a6723fa9131cae23b340aa669312b170418
Sampled prompt theta=0.8_98304_0.95_True_False_seed=9: 4c8262d4383c8d90f68d0df2e29422611c05790c
Sampled prompt 0.2_98304_0.95_True_False_seed=0 (104/184): 1a2db9be62a3ef979f0a974aee21e2a2f7f6a4b2
Sampled prompt 0.2_98304_0.95_True_False_seed=1 (99/180): c46060db585fccb680acb7afc8b57d756e34c3eb
Sampled prompt 0.2_98304_0.95_True_False_seed=2 (104/187): 7b0d5ee83ed8fd8826fdf5321e906fed92ea6ebc
Sampled prompt 0.2_98304_0.95_True_False_seed=3 (109/186): 6135ac4f8a04682c5b0e5f4cfc7469987cb4f91f
Sampled prompt 0.2_98304_0.95_True_False_seed=4 (107/184): e04b6d126ea6f882b39296ab540f3bb02363c225
Sampled prompt 0.2_98304_0.95_True_False_seed=5 (101/186): ef50261444d2636ff1a495d8ac57aa1dcade63d1
Sampled prompt 0.2_98304_0.95_True_False_seed=6 (95/180): ac2bb6e00b5fcd467d839a0ece636c4618d9be06
Sampled prompt 0.2_98304_0.95_True_False_seed=7 (108/188): 0bc9447770025cee357fc19ce4c930c91b4e5d6f
Sampled prompt 0.2_98304_0.95_True_False_seed=8 (95/177): 3d0dc116d26515fd735c2c2625ac291f0e395d46
Sampled prompt 0.2_98304_0.95_True_False_seed=9 (100/179): 4865c6cf7d29786ac71429c3c2d5004459b802c5
Sampled prompt 0.8_98304_0.95_True_False_seed=0 (119/189): 174ff5c61c1997754274a96b710a5e90d1977c15
Sampled prompt 0.8_98304_0.95_True_False_seed=1 (113/185): bbf93d39286bc287d9a63f47b2e35d6e2aec08dd
Sampled prompt 0.8_98304_0.95_True_False_seed=2 (112/189): 12561d0b20a795be0f2e56e17a78c3a1b76006f2
Sampled prompt 0.8_98304_0.95_True_False_seed=3 (117/189): 973f819fd2bd8be334f5e2168120ff08b906e3bb
Sampled prompt 0.8_98304_0.95_True_False_seed=4 (116/185): 7e2c7b787642fa873c97a2a042cddafdad8afaa9
Sampled prompt 0.8_98304_0.95_True_False_seed=5 (125/191): ac0c50ad2b41b404b5dc28adc472b3d83d1cb8ca
Sampled prompt 0.8_98304_0.95_True_False_seed=6 (108/180): 868a8f4d07a4a4fe36cc9ba14ed9820eab1eedfb
Sampled prompt 0.8_98304_0.95_True_False_seed=7 (120/192): fe9792e8e1384c565d7ff56be0f18dfa130050ad
Sampled prompt 0.8_98304_0.95_True_False_seed=8 (114/178): 60d16d5feb504ea2c4fafe52a6664fd1b555ef64
Sampled prompt 0.8_98304_0.95_True_False_seed=9 (126/183): 6793d0cb037ae982685e8d212146f453c4df5ac4
Reenforcing max tokens...
Sampled prompt 0.2_98304_0.95_False_False_seed=0 (184/184): f0e476356fd95797a65d20d01231c9e3b51ef50d
Sampled prompt 0.2_98304_0.95_True_False_seed=0 (179/184): 4d20f4190eb00bf6394a6aa26b777fb254d46ebe
Sampled prompt 0.2_98304_0.95_False_False_seed=1 (174/174): e6b01b8e3ca97a414c3e8247d6872a1e9b10c7d3
Sampled prompt 0.2_98304_0.95_True_False_seed=1 (176/180): 7063a2778eb1a290fa9fae0ad60d7157c94266d6
Sampled prompt 0.2_98304_0.95_False_False_seed=2 (183/183): 909be449b28644407cbaa9e088f2b5cf54b0f6ed
Sampled prompt 0.2_98304_0.95_True_False_seed=2 (178/187): 1137c355a7db8945ec9debc1cf6a3f953d8126b1
Sampled prompt 0.2_98304_0.95_False_False_seed=3 (186/186): 039cafd1c93f5749b27946e76d4917b042ba7529
Sampled prompt 0.2_98304_0.95_True_False_seed=3 (176/186): d1501926f4542ca2c273d6fd0b7752f6a964b4e8
Sampled prompt 0.2_98304_0.95_False_False_seed=4 (186/186): 9adeccf52bdafbc18b3ceefaf280e9ce6a11107e
Sampled prompt 0.2_98304_0.95_True_False_seed=4 (178/184): 7e6954de520f454bf2a89160731e7453c5c2530c
Sampled prompt 0.2_98304_0.95_False_False_seed=5 (184/184): 3d7b283968423e79803612f02c6d0e1cc2bd2988
Sampled prompt 0.2_98304_0.95_True_False_seed=5 (180/186): 4fcb08575ba07f39d4bd822dcb2cc20d558bfb97
Sampled prompt 0.2_98304_0.95_False_False_seed=6 (177/177): 39eb9020977eb68255aa566e92c8ee4af5d7e92e
Sampled prompt 0.2_98304_0.95_True_False_seed=6 (174/180): 97405f34c5193e804672f43549397afbee5f52bb
Sampled prompt 0.2_98304_0.95_False_False_seed=7 (184/184): 509c7a1f4cb01cb9008373778ebe16466645bb18
Sampled prompt 0.2_98304_0.95_True_False_seed=7 (180/188): b653886a6b98fa84536bb37863893576bdccfbd2
Sampled prompt 0.2_98304_0.95_False_False_seed=8 (173/173): f72d33c180f608e0cbb50d0fb947d185b14d1723
Sampled prompt 0.2_98304_0.95_True_False_seed=8 (170/177): 6949b89bf94d31628ad5370bfb312d81fca97494
Sampled prompt 0.2_98304_0.95_False_False_seed=9 (178/178): 237f034ac68be3ddbca419594caf7a814e6a0cd7
Sampled prompt 0.2_98304_0.95_True_False_seed=9 (174/179): 2c389a5df6bad31ed510e20445e164dd2b3cfbda
Sampled prompt 0.8_98304_0.95_False_False_seed=0 (188/188): 391894ef88e6d97b2e226b72d8f6cd4a21a1c166
Sampled prompt 0.8_98304_0.95_True_False_seed=0 (185/189): bbea75e37b45f8f7641ca4d5654e9fea525c2e1b
Sampled prompt 0.8_98304_0.95_False_False_seed=1 (177/177): f475fe0f6647513665e6b359691a2a775fb43cc8
Sampled prompt 0.8_98304_0.95_True_False_seed=1 (181/185): 5f0ce9423bffabd16972f5a4b94c0d7e207e426a
Sampled prompt 0.8_98304_0.95_False_False_seed=2 (182/182): a9893cf30211fb240d698e340ba4bc4f971d2a58
Sampled prompt 0.8_98304_0.95_True_False_seed=2 (186/189): 20e7d448f6068bca571b0d3ecc23c9075e8fd66d
Sampled prompt 0.8_98304_0.95_False_False_seed=3 (186/186): f4b58b429dd0cc24940014d227c7994984012213
Sampled prompt 0.8_98304_0.95_True_False_seed=3 (183/189): 2813e6b354eb823aaffbf394ece5af9e464e0368
Sampled prompt 0.8_98304_0.95_False_False_seed=4 (193/193): 96514b50261c4f49943b2049ef868c2a4eca97c5
Sampled prompt 0.8_98304_0.95_True_False_seed=4 (180/185): 736ededb210cd278a122d51f6a8d714699cbe102
Sampled prompt 0.8_98304_0.95_False_False_seed=5 (183/183): 67be0ebc15f805dc3ba9999b7d66e47e4b8dfe4b
Sampled prompt 0.8_98304_0.95_True_False_seed=5 (184/191): 64c4ab2fd88ffe4cfc2792985a8addd4d7d73672
Sampled prompt 0.8_98304_0.95_False_False_seed=6 (190/190): 73cdbc0a472c922e01b60b8eecc39e975f4fed72
Sampled prompt 0.8_98304_0.95_True_False_seed=6 (174/180): 63987f2abe0a4d308a1c80e487f5192cd5146dcf
Sampled prompt 0.8_98304_0.95_False_False_seed=7 (187/187): edc5cfd0ceacab99023b0459d46f3fe31b4f39ea
Sampled prompt 0.8_98304_0.95_True_False_seed=7 (189/192): ce569a444151493f9d3829231455b3e7d84586f3
Sampled prompt 0.8_98304_0.95_False_False_seed=8 (179/179): eb2f6c0b76f658e3c3eceeeae149600c2fceb492
Sampled prompt 0.8_98304_0.95_True_False_seed=8 (174/178): ad7cc4c4821e7a1e25db2dee894f62962c99f508
Sampled prompt 0.8_98304_0.95_False_False_seed=9 (182/182): fc0d0a6723fa9131cae23b340aa669312b170418
Sampled prompt 0.8_98304_0.95_True_False_seed=9 (180/183): 0ad83d0e5ed8a5bcadcf00c3924e9999f91ea9e0
Trimming coordinates to backbone only to save memory...
len(prompts)=40 len(variants_to_score)=13 metabatch_size=1024 len(tasks)=40
